Line 25: Class RichTextLib.RichTextBox of control oService_Info was not a loaded control class.
Line 2671: Class RichTextLib.RichTextBox of control otNot_Found_List was not a loaded control class.
Line 2796: Class CTMEDITLibCtl.ctMEdit of control otTema_Act was not a loaded control class.
Line 2895: Class CTMEDITLibCtl.ctMEdit of control otCodigo was not a loaded control class.
Line 3164: Class MSDataListLib.DataList of control oLst_Disc was not a loaded control class.
Line 3177: Class MSDataListLib.DataList of control oLst_Gen was not a loaded control class.
Line 3190: Class MSAdodcLib.Adodc of control oDC_GEN was not a loaded control class.
Line 3236: Class MSAdodcLib.Adodc of control oDC_DISC was not a loaded control class.
Line 3282: Class MSDataListLib.DataList of control oLst_Canc was not a loaded control class.
Line 3295: Class MSAdodcLib.Adodc of control oDC_CANC was not a loaded control class.
Line 3341: Class MSAdodcLib.Adodc of control oDC_Temas was not a loaded control class.
Line 3387: Class MSAdodcLib.Adodc of control oDC_Promos was not a loaded control class.
Line 32: The property name _ExtentX in oService_Info is invalid.
Line 33: The property name _ExtentY in oService_Info is invalid.
Line 34: The property name _Version in oService_Info is invalid.
Line 36: The property name ReadOnly in oService_Info is invalid.
Line 37: The property name ScrollBars in oService_Info is invalid.
Line 39: The property name TextRTF in oService_Info is invalid.
Line 2678: The property name _ExtentX in otNot_Found_List is invalid.
Line 2679: The property name _ExtentY in otNot_Found_List is invalid.
Line 2680: The property name _Version in otNot_Found_List is invalid.
Line 2682: The property name ScrollBars in otNot_Found_List is invalid.
Line 2683: The property name AutoVerbMenu in otNot_Found_List is invalid.
Line 2684: The property name TextRTF in otNot_Found_List is invalid.
Line 2804: The property name _Version in otTema_Act is invalid.
Line 2805: The property name _ExtentX in otTema_Act is invalid.
Line 2806: The property name _ExtentY in otTema_Act is invalid.
Line 2807: The property name _StockProps in otTema_Act is invalid.
Line 2820: The property name DropPicture in otTema_Act is invalid.
Line 2823: The property name DisabledColor in otTema_Act is invalid.
Line 2824: The property name UseMaskChars in otTema_Act is invalid.
Line 2825: The property name EditMask in otTema_Act is invalid.
Line 2901: The property name _Version in otCodigo is invalid.
Line 2902: The property name _ExtentX in otCodigo is invalid.
Line 2903: The property name _ExtentY in otCodigo is invalid.
Line 2904: The property name _StockProps in otCodigo is invalid.
Line 2916: The property name DropPicture in otCodigo is invalid.
Line 2919: The property name UseMaskChars in otCodigo is invalid.
Line 2920: The property name EditMask in otCodigo is invalid.
Line 3165: The property name Bindings in oLst_Disc is invalid.
Line 3171: The property name _ExtentX in oLst_Disc is invalid.
Line 3172: The property name _ExtentY in oLst_Disc is invalid.
Line 3173: The property name _Version in oLst_Disc is invalid.
Line 3174: The property name ListField in oLst_Disc is invalid.
Line 3175: The property name BoundColumn in oLst_Disc is invalid.
Line 3178: The property name Bindings in oLst_Gen is invalid.
Line 3184: The property name _ExtentX in oLst_Gen is invalid.
Line 3185: The property name _ExtentY in oLst_Gen is invalid.
Line 3186: The property name _Version in oLst_Gen is invalid.
Line 3187: The property name ListField in oLst_Gen is invalid.
Line 3188: The property name BoundColumn in oLst_Gen is invalid.
Line 3195: The property name _ExtentX in oDC_GEN is invalid.
Line 3196: The property name _ExtentY in oDC_GEN is invalid.
Line 3197: The property name ConnectMode in oDC_GEN is invalid.
Line 3198: The property name CursorLocation in oDC_GEN is invalid.
Line 3199: The property name IsolationLevel in oDC_GEN is invalid.
Line 3200: The property name ConnectionTimeout in oDC_GEN is invalid.
Line 3201: The property name CommandTimeout in oDC_GEN is invalid.
Line 3202: The property name CursorType in oDC_GEN is invalid.
Line 3203: The property name LockType in oDC_GEN is invalid.
Line 3204: The property name CommandType in oDC_GEN is invalid.
Line 3205: The property name CursorOptions in oDC_GEN is invalid.
Line 3206: The property name CacheSize in oDC_GEN is invalid.
Line 3207: The property name MaxRecords in oDC_GEN is invalid.
Line 3208: The property name BOFAction in oDC_GEN is invalid.
Line 3209: The property name EOFAction in oDC_GEN is invalid.
Line 3210: The property name ConnectStringType in oDC_GEN is invalid.
Line 3214: The property name Orientation in oDC_GEN is invalid.
Line 3216: The property name Connect in oDC_GEN is invalid.
Line 3217: The property name OLEDBString in oDC_GEN is invalid.
Line 3218: The property name OLEDBFile in oDC_GEN is invalid.
Line 3219: The property name DataSourceName in oDC_GEN is invalid.
Line 3220: The property name OtherAttributes in oDC_GEN is invalid.
Line 3221: The property name UserName in oDC_GEN is invalid.
Line 3222: The property name Password in oDC_GEN is invalid.
Line 3223: The property name RecordSource in oDC_GEN is invalid.
Line 3224: The property name Caption in oDC_GEN is invalid.
Line 3234: The property name _Version in oDC_GEN is invalid.
Line 3241: The property name _ExtentX in oDC_DISC is invalid.
Line 3242: The property name _ExtentY in oDC_DISC is invalid.
Line 3243: The property name ConnectMode in oDC_DISC is invalid.
Line 3244: The property name CursorLocation in oDC_DISC is invalid.
Line 3245: The property name IsolationLevel in oDC_DISC is invalid.
Line 3246: The property name ConnectionTimeout in oDC_DISC is invalid.
Line 3247: The property name CommandTimeout in oDC_DISC is invalid.
Line 3248: The property name CursorType in oDC_DISC is invalid.
Line 3249: The property name LockType in oDC_DISC is invalid.
Line 3250: The property name CommandType in oDC_DISC is invalid.
Line 3251: The property name CursorOptions in oDC_DISC is invalid.
Line 3252: The property name CacheSize in oDC_DISC is invalid.
Line 3253: The property name MaxRecords in oDC_DISC is invalid.
Line 3254: The property name BOFAction in oDC_DISC is invalid.
Line 3255: The property name EOFAction in oDC_DISC is invalid.
Line 3256: The property name ConnectStringType in oDC_DISC is invalid.
Line 3260: The property name Orientation in oDC_DISC is invalid.
Line 3262: The property name Connect in oDC_DISC is invalid.
Line 3263: The property name OLEDBString in oDC_DISC is invalid.
Line 3264: The property name OLEDBFile in oDC_DISC is invalid.
Line 3265: The property name DataSourceName in oDC_DISC is invalid.
Line 3266: The property name OtherAttributes in oDC_DISC is invalid.
Line 3267: The property name UserName in oDC_DISC is invalid.
Line 3268: The property name Password in oDC_DISC is invalid.
Line 3269: The property name RecordSource in oDC_DISC is invalid.
Line 3270: The property name Caption in oDC_DISC is invalid.
Line 3280: The property name _Version in oDC_DISC is invalid.
Line 3283: The property name Bindings in oLst_Canc is invalid.
Line 3289: The property name _ExtentX in oLst_Canc is invalid.
Line 3290: The property name _ExtentY in oLst_Canc is invalid.
Line 3291: The property name _Version in oLst_Canc is invalid.
Line 3292: The property name ListField in oLst_Canc is invalid.
Line 3293: The property name BoundColumn in oLst_Canc is invalid.
Line 3300: The property name _ExtentX in oDC_CANC is invalid.
Line 3301: The property name _ExtentY in oDC_CANC is invalid.
Line 3302: The property name ConnectMode in oDC_CANC is invalid.
Line 3303: The property name CursorLocation in oDC_CANC is invalid.
Line 3304: The property name IsolationLevel in oDC_CANC is invalid.
Line 3305: The property name ConnectionTimeout in oDC_CANC is invalid.
Line 3306: The property name CommandTimeout in oDC_CANC is invalid.
Line 3307: The property name CursorType in oDC_CANC is invalid.
Line 3308: The property name LockType in oDC_CANC is invalid.
Line 3309: The property name CommandType in oDC_CANC is invalid.
Line 3310: The property name CursorOptions in oDC_CANC is invalid.
Line 3311: The property name CacheSize in oDC_CANC is invalid.
Line 3312: The property name MaxRecords in oDC_CANC is invalid.
Line 3313: The property name BOFAction in oDC_CANC is invalid.
Line 3314: The property name EOFAction in oDC_CANC is invalid.
Line 3315: The property name ConnectStringType in oDC_CANC is invalid.
Line 3319: The property name Orientation in oDC_CANC is invalid.
Line 3321: The property name Connect in oDC_CANC is invalid.
Line 3322: The property name OLEDBString in oDC_CANC is invalid.
Line 3323: The property name OLEDBFile in oDC_CANC is invalid.
Line 3324: The property name DataSourceName in oDC_CANC is invalid.
Line 3325: The property name OtherAttributes in oDC_CANC is invalid.
Line 3326: The property name UserName in oDC_CANC is invalid.
Line 3327: The property name Password in oDC_CANC is invalid.
Line 3328: The property name RecordSource in oDC_CANC is invalid.
Line 3329: The property name Caption in oDC_CANC is invalid.
Line 3339: The property name _Version in oDC_CANC is invalid.
Line 3346: The property name _ExtentX in oDC_Temas is invalid.
Line 3347: The property name _ExtentY in oDC_Temas is invalid.
Line 3348: The property name ConnectMode in oDC_Temas is invalid.
Line 3349: The property name CursorLocation in oDC_Temas is invalid.
Line 3350: The property name IsolationLevel in oDC_Temas is invalid.
Line 3351: The property name ConnectionTimeout in oDC_Temas is invalid.
Line 3352: The property name CommandTimeout in oDC_Temas is invalid.
Line 3353: The property name CursorType in oDC_Temas is invalid.
Line 3354: The property name LockType in oDC_Temas is invalid.
Line 3355: The property name CommandType in oDC_Temas is invalid.
Line 3356: The property name CursorOptions in oDC_Temas is invalid.
Line 3357: The property name CacheSize in oDC_Temas is invalid.
Line 3358: The property name MaxRecords in oDC_Temas is invalid.
Line 3359: The property name BOFAction in oDC_Temas is invalid.
Line 3360: The property name EOFAction in oDC_Temas is invalid.
Line 3361: The property name ConnectStringType in oDC_Temas is invalid.
Line 3365: The property name Orientation in oDC_Temas is invalid.
Line 3367: The property name Connect in oDC_Temas is invalid.
Line 3368: The property name OLEDBString in oDC_Temas is invalid.
Line 3369: The property name OLEDBFile in oDC_Temas is invalid.
Line 3370: The property name DataSourceName in oDC_Temas is invalid.
Line 3371: The property name OtherAttributes in oDC_Temas is invalid.
Line 3372: The property name UserName in oDC_Temas is invalid.
Line 3373: The property name Password in oDC_Temas is invalid.
Line 3374: The property name RecordSource in oDC_Temas is invalid.
Line 3375: The property name Caption in oDC_Temas is invalid.
Line 3385: The property name _Version in oDC_Temas is invalid.
Line 3392: The property name _ExtentX in oDC_Promos is invalid.
Line 3393: The property name _ExtentY in oDC_Promos is invalid.
Line 3394: The property name ConnectMode in oDC_Promos is invalid.
Line 3395: The property name CursorLocation in oDC_Promos is invalid.
Line 3396: The property name IsolationLevel in oDC_Promos is invalid.
Line 3397: The property name ConnectionTimeout in oDC_Promos is invalid.
Line 3398: The property name CommandTimeout in oDC_Promos is invalid.
Line 3399: The property name CursorType in oDC_Promos is invalid.
Line 3400: The property name LockType in oDC_Promos is invalid.
Line 3401: The property name CommandType in oDC_Promos is invalid.
Line 3402: The property name CursorOptions in oDC_Promos is invalid.
Line 3403: The property name CacheSize in oDC_Promos is invalid.
Line 3404: The property name MaxRecords in oDC_Promos is invalid.
Line 3405: The property name BOFAction in oDC_Promos is invalid.
Line 3406: The property name EOFAction in oDC_Promos is invalid.
Line 3407: The property name ConnectStringType in oDC_Promos is invalid.
Line 3411: The property name Orientation in oDC_Promos is invalid.
Line 3413: The property name Connect in oDC_Promos is invalid.
Line 3414: The property name OLEDBString in oDC_Promos is invalid.
Line 3415: The property name OLEDBFile in oDC_Promos is invalid.
Line 3416: The property name DataSourceName in oDC_Promos is invalid.
Line 3417: The property name OtherAttributes in oDC_Promos is invalid.
Line 3418: The property name UserName in oDC_Promos is invalid.
Line 3419: The property name Password in oDC_Promos is invalid.
Line 3420: The property name RecordSource in oDC_Promos is invalid.
Line 3421: The property name Caption in oDC_Promos is invalid.
Line 3431: The property name _Version in oDC_Promos is invalid.
Line 3568: Property  in olMetros2 could not be loaded.
Line 3597: Property  in olMetros could not be loaded.
Line 3816: Property  in olLocal could not be loaded.
